# JRE version: OpenJDK Runtime Environment (21.0.7+6) (build 21.0.7+6-nixos)
# Java VM: OpenJDK 64-Bit Server VM (21.0.7+6-nixos, mixed mode, sharing, tiered, compressed oops, compressed class ptrs, g1 gc, linux-amd64)
Heap:
 garbage-first heap   total 247808K, used 67286K [0x0000000710200000, 0x0000000800000000)
  region size 2048K, 34 young (69632K), 2 survivors (4096K)
 Metaspace       used 9827K, committed 10112K, reserved 1114112K
  class space    used 482K, committed 640K, reserved 1048576K
GC Heap History (8 events):
Event: 2.851 GC heap before
{Heap before GC invocations=0 (full 0):
 garbage-first heap   total 247808K, used 21553K [0x0000000710200000, 0x0000000800000000)
  region size 2048K, 11 young (22528K), 0 survivors (0K)
 Metaspace       used 9433K, committed 9728K, reserved 1114112K
  class space    used 481K, committed 640K, reserved 1048576K
}
Event: 2.853 GC heap after
{Heap after GC invocations=1 (full 0):
 garbage-first heap   total 247808K, used 3631K [0x0000000710200000, 0x0000000800000000)
  region size 2048K, 2 young (4096K), 2 survivors (4096K)
 Metaspace       used 9433K, committed 9728K, reserved 1114112K
  class space    used 481K, committed 640K, reserved 1048576K
}
Event: 19.241 GC heap before
{Heap before GC invocations=1 (full 0):
 garbage-first heap   total 247808K, used 50735K [0x0000000710200000, 0x0000000800000000)
  region size 2048K, 25 young (51200K), 2 survivors (4096K)
 Metaspace       used 9824K, committed 10112K, reserved 1114112K
  class space    used 481K, committed 640K, reserved 1048576K
}
Event: 19.243 GC heap after
{Heap after GC invocations=2 (full 0):
 garbage-first heap   total 247808K, used 3635K [0x0000000710200000, 0x0000000800000000)
  region size 2048K, 2 young (4096K), 2 survivors (4096K)
 Metaspace       used 9824K, committed 10112K, reserved 1114112K
  class space    used 481K, committed 640K, reserved 1048576K
}
Event: 80.351 GC heap before
{Heap before GC invocations=2 (full 0):
 garbage-first heap   total 247808K, used 146995K [0x0000000710200000, 0x0000000800000000)
  region size 2048K, 72 young (147456K), 2 survivors (4096K)
 Metaspace       used 9824K, committed 10112K, reserved 1114112K
  class space    used 481K, committed 640K, reserved 1048576K
}
Event: 80.353 GC heap after
{Heap after GC invocations=3 (full 0):
 garbage-first heap   total 247808K, used 3742K [0x0000000710200000, 0x0000000800000000)
  region size 2048K, 2 young (4096K), 2 survivors (4096K)
 Metaspace       used 9824K, committed 10112K, reserved 1114112K
  class space    used 481K, committed 640K, reserved 1048576K
}
Event: 144.782 GC heap before
{Heap before GC invocations=3 (full 0):
 garbage-first heap   total 247808K, used 147102K [0x0000000710200000, 0x0000000800000000)
  region size 2048K, 72 young (147456K), 2 survivors (4096K)
 Metaspace       used 9824K, committed 10112K, reserved 1114112K
  class space    used 481K, committed 640K, reserved 1048576K
}
Event: 144.783 GC heap after
{Heap after GC invocations=4 (full 0):
 garbage-first heap   total 247808K, used 3798K [0x0000000710200000, 0x0000000800000000)
  region size 2048K, 2 young (4096K), 2 survivors (4096K)
 Metaspace       used 9824K, committed 10112K, reserved 1114112K
  class space    used 481K, committed 640K, reserved 1048576K
}

