# JRE version: OpenJDK Runtime Environment (21.0.7+6) (build 21.0.7+6-nixos)
# Java VM: OpenJDK 64-Bit Server VM (21.0.7+6-nixos, mixed mode, sharing, tiered, compressed oops, compressed class ptrs, g1 gc, linux-amd64)
Heap:
 garbage-first heap   total 247808K, used 44730K [0x0000000710200000, 0x0000000800000000)
  region size 2048K, 23 young (47104K), 2 survivors (4096K)
 Metaspace       used 9436K, committed 9664K, reserved 1114112K
  class space    used 462K, committed 576K, reserved 1048576K
GC Heap History (10 events):
Event: 4.865 GC heap before
{Heap before GC invocations=0 (full 0):
 garbage-first heap   total 247808K, used 21553K [0x0000000710200000, 0x0000000800000000)
  region size 2048K, 11 young (22528K), 0 survivors (0K)
 Metaspace       used 9253K, committed 9536K, reserved 1114112K
  class space    used 461K, committed 576K, reserved 1048576K
}
Event: 4.867 GC heap after
{Heap after GC invocations=1 (full 0):
 garbage-first heap   total 247808K, used 3688K [0x0000000710200000, 0x0000000800000000)
  region size 2048K, 2 young (4096K), 2 survivors (4096K)
 Metaspace       used 9253K, committed 9536K, reserved 1114112K
  class space    used 461K, committed 576K, reserved 1048576K
}
Event: 45.565 GC heap before
{Heap before GC invocations=1 (full 0):
 garbage-first heap   total 247808K, used 48744K [0x0000000710200000, 0x0000000800000000)
  region size 2048K, 24 young (49152K), 2 survivors (4096K)
 Metaspace       used 9385K, committed 9664K, reserved 1114112K
  class space    used 461K, committed 576K, reserved 1048576K
}
Event: 45.567 GC heap after
{Heap after GC invocations=2 (full 0):
 garbage-first heap   total 247808K, used 3557K [0x0000000710200000, 0x0000000800000000)
  region size 2048K, 2 young (4096K), 2 survivors (4096K)
 Metaspace       used 9385K, committed 9664K, reserved 1114112K
  class space    used 461K, committed 576K, reserved 1048576K
}
Event: 182.126 GC heap before
{Heap before GC invocations=2 (full 0):
 garbage-first heap   total 247808K, used 146917K [0x0000000710200000, 0x0000000800000000)
  region size 2048K, 72 young (147456K), 2 survivors (4096K)
 Metaspace       used 9433K, committed 9664K, reserved 1114112K
  class space    used 461K, committed 576K, reserved 1048576K
}
Event: 182.127 GC heap after
{Heap after GC invocations=3 (full 0):
 garbage-first heap   total 247808K, used 3732K [0x0000000710200000, 0x0000000800000000)
  region size 2048K, 2 young (4096K), 2 survivors (4096K)
 Metaspace       used 9433K, committed 9664K, reserved 1114112K
  class space    used 461K, committed 576K, reserved 1048576K
}
Event: 321.940 GC heap before
{Heap before GC invocations=3 (full 0):
 garbage-first heap   total 247808K, used 147092K [0x0000000710200000, 0x0000000800000000)
  region size 2048K, 72 young (147456K), 2 survivors (4096K)
 Metaspace       used 9433K, committed 9664K, reserved 1114112K
  class space    used 461K, committed 576K, reserved 1048576K
}
Event: 321.941 GC heap after
{Heap after GC invocations=4 (full 0):
 garbage-first heap   total 247808K, used 3734K [0x0000000710200000, 0x0000000800000000)
  region size 2048K, 2 young (4096K), 2 survivors (4096K)
 Metaspace       used 9433K, committed 9664K, reserved 1114112K
  class space    used 461K, committed 576K, reserved 1048576K
}
Event: 462.068 GC heap before
{Heap before GC invocations=4 (full 0):
 garbage-first heap   total 247808K, used 147094K [0x0000000710200000, 0x0000000800000000)
  region size 2048K, 72 young (147456K), 2 survivors (4096K)
 Metaspace       used 9433K, committed 9664K, reserved 1114112K
  class space    used 461K, committed 576K, reserved 1048576K
}
Event: 462.069 GC heap after
{Heap after GC invocations=5 (full 0):
 garbage-first heap   total 247808K, used 3770K [0x0000000710200000, 0x0000000800000000)
  region size 2048K, 2 young (4096K), 2 survivors (4096K)
 Metaspace       used 9433K, committed 9664K, reserved 1114112K
  class space    used 461K, committed 576K, reserved 1048576K
}

