# JRE version: OpenJDK Runtime Environment (21.0.7+6) (build 21.0.7+6-nixos)
# Java VM: OpenJDK 64-Bit Server VM (21.0.7+6-nixos, mixed mode, sharing, tiered, compressed oops, compressed class ptrs, g1 gc, linux-amd64)
Heap:
 garbage-first heap   total 247808K, used 114357K [0x0000000710200000, 0x0000000800000000)
  region size 2048K, 56 young (114688K), 2 survivors (4096K)
 Metaspace       used 9608K, committed 9920K, reserved 1114112K
  class space    used 476K, committed 640K, reserved 1048576K
GC Heap History (12 events):
Event: 4.223 GC heap before
{Heap before GC invocations=0 (full 0):
 garbage-first heap   total 247808K, used 23601K [0x0000000710200000, 0x0000000800000000)
  region size 2048K, 11 young (22528K), 0 survivors (0K)
 Metaspace       used 9495K, committed 9728K, reserved 1114112K
  class space    used 476K, committed 576K, reserved 1048576K
}
Event: 4.225 GC heap after
{Heap after GC invocations=1 (full 0):
 garbage-first heap   total 247808K, used 3742K [0x0000000710200000, 0x0000000800000000)
  region size 2048K, 2 young (4096K), 2 survivors (4096K)
 Metaspace       used 9495K, committed 9728K, reserved 1114112K
  class space    used 476K, committed 576K, reserved 1048576K
}
Event: 236.775 GC heap before
{Heap before GC invocations=1 (full 0):
 garbage-first heap   total 247808K, used 56990K [0x0000000710200000, 0x0000000800000000)
  region size 2048K, 28 young (57344K), 2 survivors (4096K)
 Metaspace       used 9607K, committed 9920K, reserved 1114112K
  class space    used 476K, committed 640K, reserved 1048576K
}
Event: 236.778 GC heap after
{Heap after GC invocations=2 (full 0):
 garbage-first heap   total 247808K, used 3746K [0x0000000710200000, 0x0000000800000000)
  region size 2048K, 2 young (4096K), 2 survivors (4096K)
 Metaspace       used 9607K, committed 9920K, reserved 1114112K
  class space    used 476K, committed 640K, reserved 1048576K
}
Event: 360.632 GC heap before
{Heap before GC invocations=2 (full 0):
 garbage-first heap   total 247808K, used 147106K [0x0000000710200000, 0x0000000800000000)
  region size 2048K, 72 young (147456K), 2 survivors (4096K)
 Metaspace       used 9607K, committed 9920K, reserved 1114112K
  class space    used 476K, committed 640K, reserved 1048576K
}
Event: 360.635 GC heap after
{Heap after GC invocations=3 (full 0):
 garbage-first heap   total 247808K, used 3662K [0x0000000710200000, 0x0000000800000000)
  region size 2048K, 2 young (4096K), 2 survivors (4096K)
 Metaspace       used 9607K, committed 9920K, reserved 1114112K
  class space    used 476K, committed 640K, reserved 1048576K
}
Event: 372.318 GC heap before
{Heap before GC invocations=3 (full 0):
 garbage-first heap   total 247808K, used 147022K [0x0000000710200000, 0x0000000800000000)
  region size 2048K, 72 young (147456K), 2 survivors (4096K)
 Metaspace       used 9607K, committed 9920K, reserved 1114112K
  class space    used 476K, committed 640K, reserved 1048576K
}
Event: 372.319 GC heap after
{Heap after GC invocations=4 (full 0):
 garbage-first heap   total 247808K, used 3780K [0x0000000710200000, 0x0000000800000000)
  region size 2048K, 2 young (4096K), 2 survivors (4096K)
 Metaspace       used 9607K, committed 9920K, reserved 1114112K
  class space    used 476K, committed 640K, reserved 1048576K
}
Event: 382.863 GC heap before
{Heap before GC invocations=4 (full 0):
 garbage-first heap   total 247808K, used 147140K [0x0000000710200000, 0x0000000800000000)
  region size 2048K, 72 young (147456K), 2 survivors (4096K)
 Metaspace       used 9607K, committed 9920K, reserved 1114112K
  class space    used 476K, committed 640K, reserved 1048576K
}
Event: 382.864 GC heap after
{Heap after GC invocations=5 (full 0):
 garbage-first heap   total 247808K, used 3637K [0x0000000710200000, 0x0000000800000000)
  region size 2048K, 2 young (4096K), 2 survivors (4096K)
 Metaspace       used 9607K, committed 9920K, reserved 1114112K
  class space    used 476K, committed 640K, reserved 1048576K
}
Event: 393.607 GC heap before
{Heap before GC invocations=5 (full 0):
 garbage-first heap   total 247808K, used 146997K [0x0000000710200000, 0x0000000800000000)
  region size 2048K, 72 young (147456K), 2 survivors (4096K)
 Metaspace       used 9607K, committed 9920K, reserved 1114112K
  class space    used 476K, committed 640K, reserved 1048576K
}
Event: 393.608 GC heap after
{Heap after GC invocations=6 (full 0):
 garbage-first heap   total 247808K, used 3765K [0x0000000710200000, 0x0000000800000000)
  region size 2048K, 2 young (4096K), 2 survivors (4096K)
 Metaspace       used 9607K, committed 9920K, reserved 1114112K
  class space    used 476K, committed 640K, reserved 1048576K
}

